<?xml version="1.0" encoding="UTF-8"?>
<!-- Generated by org.testng.reporters.JUnitXMLReporter -->
<testsuite ignored="2" hostname="MacBook-Pro.local" failures="0" tests="5" name="Default test" time="14.103" errors="0" timestamp="2024-06-07T22:01:40 IST">
  <testcase classname="tests.ApiTests" name="flightSearchTest" time="3.018"/>
  <testcase classname="tests.ApiTests" name="addFlightTest" time="1.424"/>
  <testcase classname="tests.ApiTests" name="paymentTest" time="4.86"/>
  <testcase classname="tests.ApiTests" name="getPciSessionTest" time="0.744"/>
  <testcase classname="tests.ApiTests" name="payLaterTests" time="4.006"/>
  <testcase classname="tests.ApiTests" name="optionalExtrasTest" time="0.0">
    <ignored/>
  </testcase> <!-- optionalExtrasTest -->
  <testcase classname="tests.ApiTests" name="prepareTest" time="0.0">
    <ignored/>
  </testcase> <!-- prepareTest -->
</testsuite> <!-- Default test -->
